Determining if the pthread_create exist failed with the following output:
Change Dir: /home/travis/build/jacksonrr3/cpp_hw_7_bulk/CMakeFiles/CMakeTmp

Run Build Command:"/usr/bin/make" "cmTC_5e5c2/fast"
/usr/bin/make -f CMakeFiles/cmTC_5e5c2.dir/build.make CMakeFiles/cmTC_5e5c2.dir/build
make[1]: Entering directory '/home/travis/build/jacksonrr3/cpp_hw_7_bulk/CMakeFiles/CMakeTmp'
Building C object CMakeFiles/cmTC_5e5c2.dir/CheckSymbolExists.c.o
/usr/local/clang-7.0.0/bin/clang    -o CMakeFiles/cmTC_5e5c2.dir/CheckSymbolExists.c.o   -c /home/travis/build/jacksonrr3/cpp_hw_7_bulk/CMakeFiles/CMakeTmp/CheckSymbolExists.c
Linking C executable cmTC_5e5c2
/usr/local/cmake-3.12.4/bin/cmake -E cmake_link_script CMakeFiles/cmTC_5e5c2.dir/link.txt --verbose=1
/usr/local/clang-7.0.0/bin/clang      -rdynamic CMakeFiles/cmTC_5e5c2.dir/CheckSymbolExists.c.o  -o cmTC_5e5c2 
CMakeFiles/cmTC_5e5c2.dir/CheckSymbolExists.c.o: In function `main':
CheckSymbolExists.c:(.text+0x19): undefined reference to `pthread_create'
clang-7: error: linker command failed with exit code 1 (use -v to see invocation)
CMakeFiles/cmTC_5e5c2.dir/build.make:86: recipe for target 'cmTC_5e5c2' failed
make[1]: *** [cmTC_5e5c2] Error 1
make[1]: Leaving directory '/home/travis/build/jacksonrr3/cpp_hw_7_bulk/CMakeFiles/CMakeTmp'
Makefile:121: recipe for target 'cmTC_5e5c2/fast' failed
make: *** [cmTC_5e5c2/fast] Error 2

File /home/travis/build/jacksonrr3/cpp_hw_7_bulk/CMakeFiles/CMakeTmp/CheckSymbolExists.c:
/* */
#include <pthread.h>

int main(int argc, char** argv)
{
  (void)argv;
#ifndef pthread_create
  return ((int*)(&pthread_create))[argc];
#else
  (void)argc;
  return 0;
#endif
}

Determining if the function pthread_create exists in the pthreads failed with the following output:
Change Dir: /home/travis/build/jacksonrr3/cpp_hw_7_bulk/CMakeFiles/CMakeTmp

Run Build Command:"/usr/bin/make" "cmTC_748d2/fast"
/usr/bin/make -f CMakeFiles/cmTC_748d2.dir/build.make CMakeFiles/cmTC_748d2.dir/build
make[1]: Entering directory '/home/travis/build/jacksonrr3/cpp_hw_7_bulk/CMakeFiles/CMakeTmp'
Building C object CMakeFiles/cmTC_748d2.dir/CheckFunctionExists.c.o
/usr/local/clang-7.0.0/bin/clang   -DCHECK_FUNCTION_EXISTS=pthread_create   -o CMakeFiles/cmTC_748d2.dir/CheckFunctionExists.c.o   -c /usr/local/cmake-3.12.4/share/cmake-3.12/Modules/CheckFunctionExists.c
Linking C executable cmTC_748d2
/usr/local/cmake-3.12.4/bin/cmake -E cmake_link_script CMakeFiles/cmTC_748d2.dir/link.txt --verbose=1
/usr/local/clang-7.0.0/bin/clang  -DCHECK_FUNCTION_EXISTS=pthread_create    -rdynamic CMakeFiles/cmTC_748d2.dir/CheckFunctionExists.c.o  -o cmTC_748d2 -lpthreads 
/usr/bin/ld: cannot find -lpthreads
clang-7: error: linker command failed with exit code 1 (use -v to see invocation)
CMakeFiles/cmTC_748d2.dir/build.make:86: recipe for target 'cmTC_748d2' failed
make[1]: *** [cmTC_748d2] Error 1
make[1]: Leaving directory '/home/travis/build/jacksonrr3/cpp_hw_7_bulk/CMakeFiles/CMakeTmp'
Makefile:121: recipe for target 'cmTC_748d2/fast' failed
make: *** [cmTC_748d2/fast] Error 2


